Error: Command failed: npm ERR! Error: Attempt to unlock try-thread-sleep@^1.0.0, which hasn't been locked
npm ERR!     at unlock (/usr/lib/node_modules/npm/lib/utils/locker.js:44:11)
npm ERR!     at cb (/usr/lib/node_modules/npm/lib/cache/add-named.js:32:5)
npm ERR!     at /usr/lib/node_modules/npm/lib/cache/add-named.js:41:20
npm ERR!     at /usr/lib/node_modules/npm/lib/utils/locker.js:22:20
npm ERR!     at /usr/lib/node_modules/npm/node_modules/inflight/inflight.js:22:7
npm ERR!     at Array.forEach (native)
npm ERR!     at res (/usr/lib/node_modules/npm/node_modules/inflight/inflight.js:21:9)
npm ERR!     at f (/usr/lib/node_modules/npm/node_modules/once/once.js:16:25)
npm ERR!     at afterMkdir (/usr/lib/node_modules/npm/lib/cache/get-stat.js:53:14)
npm ERR!     at /usr/lib/node_modules/npm/node_modules/mkdirp/index.js:46:53
npm ERR! If you need help, you may report this *entire* log,
npm ERR! including the npm and node versions, at:
npm ERR!     <http://github.com/npm/npm/issues>

npm ERR! System Linux 3.16.0-4-amd64
npm ERR! command "node" "/usr/lib/node_modules/npm/bin/npm-cli.js" "install" "--production"
npm ERR! cwd /var/www/lab/public_html/garant/wp-content/themes/garant/node_modules/gulp-sass/node_modules/node-sass/node_modules/cross-spawn/node_modules/spawn-sync
npm ERR! node -v v0.10.40
npm ERR! npm -v 1.4.28
npm ERR! 
npm ERR! Additional logging details can be found in:
npm ERR!     /var/www/lab/public_html/garant/wp-content/themes/garant/node_modules/gulp-sass/node_modules/node-sass/node_modules/cross-spawn/node_modules/spawn-sync/npm-debug.log
npm ERR! not ok code 0

    at ChildProcess.exithandler (child_process.js:658:15)
    at ChildProcess.emit (events.js:98:17)
    at maybeClose (child_process.js:766:16)
    at Process.ChildProcess._handle.onexit (child_process.js:833:5)